	Babylon.js Exporter version: 1.8.0, Blender version: 2.76 (sub 0)
========= Conversion from Blender to Babylon.js =========
	Python World class constructor completed
	WARNING: No active camera has been assigned, or is not in a currently selected Blender layer
	processing begun of material:  Level__blend.Material
	WARNING texture type not currently supported:  NONE, ignored.
	processing begun of material:  Level__blend.Material.001
	processing begun of material:  Level__blend.Material.002
	processing begun of material:  Level__blend.Material.003
	WARNING texture type not currently supported:  NONE, ignored.
	processing begun of material:  Level__blend.Material.004
	processing begun of mesh:  Cube.022
		num positions      :  8
		num normals        :  8
		num uvs            :  0
		num uvs2           :  0
		num colors         :  0
		num indices        :  36
	processing begun of mesh:  Cube.021
		num positions      :  8
		num normals        :  8
		num uvs            :  0
		num uvs2           :  0
		num colors         :  0
		num indices        :  36
	processing begun of mesh:  Cube.020
		num positions      :  8
		num normals        :  8
		num uvs            :  0
		num uvs2           :  0
		num colors         :  0
		num indices        :  36
	processing begun of mesh:  Cube.019
		num positions      :  8
		num normals        :  8
		num uvs            :  0
		num uvs2           :  0
		num colors         :  0
		num indices        :  36
	processing begun of mesh:  Cube.018
		num positions      :  8
		num normals        :  8
		num uvs            :  0
		num uvs2           :  0
		num colors         :  0
		num indices        :  36
	processing begun of mesh:  Cube.008
		num positions      :  8
		num normals        :  8
		num uvs            :  0
		num uvs2           :  0
		num colors         :  0
		num indices        :  36
	processing begun of mesh:  Cube.007
		num positions      :  8
		num normals        :  8
		num uvs            :  0
		num uvs2           :  0
		num colors         :  0
		num indices        :  36
	processing begun of mesh:  Enemy.017
		processing begun of multimaterial:  Level__blend.Multimaterial#0
		num positions      :  88
		num normals        :  88
		num uvs            :  0
		num uvs2           :  0
		num colors         :  0
		num indices        :  450
		WARNING: # of 0 area faces found:  21
	processing begun of mesh:  Enemy.016
		processing begun of multimaterial:  Level__blend.Multimaterial#1
		num positions      :  88
		num normals        :  88
		num uvs            :  0
		num uvs2           :  0
		num colors         :  0
		num indices        :  450
		WARNING: # of 0 area faces found:  21
	processing begun of mesh:  Enemy.015
		processing begun of multimaterial:  Level__blend.Multimaterial#2
		num positions      :  88
		num normals        :  88
		num uvs            :  0
		num uvs2           :  0
		num colors         :  0
		num indices        :  450
		WARNING: # of 0 area faces found:  21
	processing begun of mesh:  Enemy.014
		processing begun of multimaterial:  Level__blend.Multimaterial#3
		num positions      :  88
		num normals        :  88
		num uvs            :  0
		num uvs2           :  0
		num colors         :  0
		num indices        :  450
		WARNING: # of 0 area faces found:  21
	processing begun of mesh:  Enemy.013
		processing begun of multimaterial:  Level__blend.Multimaterial#4
		num positions      :  88
		num normals        :  88
		num uvs            :  0
		num uvs2           :  0
		num colors         :  0
		num indices        :  450
		WARNING: # of 0 area faces found:  21
	processing begun of mesh:  Enemy.012
		processing begun of multimaterial:  Level__blend.Multimaterial#5
		num positions      :  88
		num normals        :  88
		num uvs            :  0
		num uvs2           :  0
		num colors         :  0
		num indices        :  450
		WARNING: # of 0 area faces found:  21
	processing begun of mesh:  Enemy.011
		processing begun of multimaterial:  Level__blend.Multimaterial#6
		num positions      :  88
		num normals        :  88
		num uvs            :  0
		num uvs2           :  0
		num colors         :  0
		num indices        :  450
		WARNING: # of 0 area faces found:  21
	processing begun of mesh:  Enemy.010
		processing begun of multimaterial:  Level__blend.Multimaterial#7
		num positions      :  88
		num normals        :  88
		num uvs            :  0
		num uvs2           :  0
		num colors         :  0
		num indices        :  450
		WARNING: # of 0 area faces found:  21
	processing begun of mesh:  Enemy.009
		processing begun of multimaterial:  Level__blend.Multimaterial#8
		num positions      :  88
		num normals        :  88
		num uvs            :  0
		num uvs2           :  0
		num colors         :  0
		num indices        :  450
		WARNING: # of 0 area faces found:  21
	processing begun of mesh:  Enemy.008
		processing begun of multimaterial:  Level__blend.Multimaterial#9
		num positions      :  88
		num normals        :  88
		num uvs            :  0
		num uvs2           :  0
		num colors         :  0
		num indices        :  450
		WARNING: # of 0 area faces found:  21
	processing begun of mesh:  Enemy.007
		processing begun of multimaterial:  Level__blend.Multimaterial#10
		num positions      :  88
		num normals        :  88
		num uvs            :  0
		num uvs2           :  0
		num colors         :  0
		num indices        :  450
		WARNING: # of 0 area faces found:  21
	processing begun of mesh:  Enemy.006
		processing begun of multimaterial:  Level__blend.Multimaterial#11
		num positions      :  88
		num normals        :  88
		num uvs            :  0
		num uvs2           :  0
		num colors         :  0
		num indices        :  450
		WARNING: # of 0 area faces found:  21
	processing begun of mesh:  Enemy.005
		processing begun of multimaterial:  Level__blend.Multimaterial#12
		num positions      :  88
		num normals        :  88
		num uvs            :  0
		num uvs2           :  0
		num colors         :  0
		num indices        :  450
		WARNING: # of 0 area faces found:  21
	processing begun of mesh:  Enemy.004
		processing begun of multimaterial:  Level__blend.Multimaterial#13
		num positions      :  88
		num normals        :  88
		num uvs            :  0
		num uvs2           :  0
		num colors         :  0
		num indices        :  450
		WARNING: # of 0 area faces found:  21
	processing begun of mesh:  Enemy.003
		processing begun of multimaterial:  Level__blend.Multimaterial#14
		num positions      :  88
		num normals        :  88
		num uvs            :  0
		num uvs2           :  0
		num colors         :  0
		num indices        :  450
		WARNING: # of 0 area faces found:  21
	processing begun of mesh:  Enemy.002
		processing begun of multimaterial:  Level__blend.Multimaterial#15
		num positions      :  88
		num normals        :  88
		num uvs            :  0
		num uvs2           :  0
		num colors         :  0
		num indices        :  450
		WARNING: # of 0 area faces found:  21
	processing begun of mesh:  Enemy.001
		processing begun of multimaterial:  Level__blend.Multimaterial#16
		num positions      :  88
		num normals        :  88
		num uvs            :  0
		num uvs2           :  0
		num colors         :  0
		num indices        :  450
		WARNING: # of 0 area faces found:  21
	processing begun of mesh:  Cube.017
		num positions      :  8
		num normals        :  8
		num uvs            :  0
		num uvs2           :  0
		num colors         :  0
		num indices        :  36
	processing begun of mesh:  InitialSpawn
		num positions      :  8
		num normals        :  8
		num uvs            :  0
		num uvs2           :  0
		num colors         :  0
		num indices        :  36
	processing begun of mesh:  Cube.016
		num positions      :  8
		num normals        :  8
		num uvs            :  0
		num uvs2           :  0
		num colors         :  0
		num indices        :  36
	processing begun of mesh:  Cube.015
		num positions      :  8
		num normals        :  8
		num uvs            :  0
		num uvs2           :  0
		num colors         :  0
		num indices        :  36
	processing begun of mesh:  Cube.014
		num positions      :  8
		num normals        :  8
		num uvs            :  0
		num uvs2           :  0
		num colors         :  0
		num indices        :  36
	processing begun of mesh:  Cube.013
		num positions      :  8
		num normals        :  8
		num uvs            :  0
		num uvs2           :  0
		num colors         :  0
		num indices        :  36
	processing begun of mesh:  Cube.012
		num positions      :  8
		num normals        :  8
		num uvs            :  0
		num uvs2           :  0
		num colors         :  0
		num indices        :  36
	processing begun of mesh:  Cube.011
		num positions      :  8
		num normals        :  8
		num uvs            :  0
		num uvs2           :  0
		num colors         :  0
		num indices        :  36
	processing begun of mesh:  Cube.010
		num positions      :  8
		num normals        :  8
		num uvs            :  0
		num uvs2           :  0
		num colors         :  0
		num indices        :  36
	processing begun of mesh:  Cube.009
		num positions      :  8
		num normals        :  8
		num uvs            :  0
		num uvs2           :  0
		num colors         :  0
		num indices        :  36
	processing begun of mesh:  Cube.006
		num positions      :  8
		num normals        :  8
		num uvs            :  0
		num uvs2           :  0
		num colors         :  0
		num indices        :  36
	processing begun of mesh:  Cube.005
		num positions      :  8
		num normals        :  8
		num uvs            :  0
		num uvs2           :  0
		num colors         :  0
		num indices        :  36
	processing begun of mesh:  Cube.004
		num positions      :  8
		num normals        :  8
		num uvs            :  0
		num uvs2           :  0
		num colors         :  0
		num indices        :  36
	processing begun of mesh:  Cube.003
		num positions      :  8
		num normals        :  8
		num uvs            :  0
		num uvs2           :  0
		num colors         :  0
		num indices        :  36
	processing begun of mesh:  Cube.002
		num positions      :  8
		num normals        :  8
		num uvs            :  0
		num uvs2           :  0
		num colors         :  0
		num indices        :  36
	processing begun of mesh:  Cube.001
		num positions      :  8
		num normals        :  8
		num uvs            :  0
		num uvs2           :  0
		num colors         :  0
		num indices        :  36
	processing begun of mesh:  Cube
		num positions      :  8
		num normals        :  8
		num uvs            :  0
		num uvs2           :  0
		num colors         :  0
		num indices        :  36
	processing begun of mesh:  Enemy
		processing begun of multimaterial:  Level__blend.Multimaterial#17
		num positions      :  88
		num normals        :  88
		num uvs            :  0
		num uvs2           :  0
		num colors         :  0
		num indices        :  450
		WARNING: # of 0 area faces found:  21
	processing begun of light (HEMI):  Lamp.001
	processing begun of light (HEMI):  Lamp
========= Writing of scene file started =========
========= Writing of scene file completed =========
========= end of processing =========
